[{"line":1,"elements":[{"start_timestamp":"2023-09-28T13:45:36.049Z","line":3,"name":"Successful Login with Valid Credentials","description":"","id":"working-in-a-login-feature;successful-login-with-valid-credentials","type":"scenario","keyword":"Scenario","steps":[{"result":{"duration":4005000000,"status":"passed"},"line":4,"name":"User launch Chrome Browser","match":{"location":"stepDefinitions.TestLoginStep.user_launch_chrome_browser()"},"keyword":"Given "},{"result":{"duration":2217000000,"status":"passed"},"line":5,"name":"User navigates to the URL \"https://www.amazon.in/\"","match":{"arguments":[{"val":"\"https://www.amazon.in/\"","offset":26}],"location":"stepDefinitions.TestLoginStep.user_navigates_to_the_url(java.lang.String)"},"keyword":"When "},{"result":{"duration":1123000000,"status":"passed"},"line":6,"name":"User should mouseHover to Hello SignIn link","match":{"location":"stepDefinitions.TestLoginStep.user_should_mouse_hover_to_hello_sign_in_link()"},"keyword":"Then "},{"result":{"duration":153000000,"status":"passed"},"line":7,"name":"User enters Email ID as \"umeshk@outlook.in\"","match":{"arguments":[{"val":"\"umeshk@outlook.in\"","offset":24}],"location":"stepDefinitions.TestLoginStep.user_enters_email_id_as(java.lang.String)"},"keyword":"When "},{"result":{"duration":1513000000,"status":"passed"},"line":8,"name":"User should click on Continue button","match":{"location":"stepDefinitions.TestLoginStep.user_should_click_on_continue_button()"},"keyword":"Then "},{"result":{"duration":76000000,"status":"passed"},"line":9,"name":"User enters Password as \"Umesh@062\"","match":{"arguments":[{"val":"\"Umesh@062\"","offset":24}],"location":"stepDefinitions.TestLoginStep.user_enters_password_as(java.lang.String)"},"keyword":"And "},{"result":{"duration":51000000,"status":"passed"},"line":10,"name":"User should click on the checkbox","match":{"location":"stepDefinitions.TestLoginStep.user_should_click_on_the_checkbox()"},"keyword":"And "},{"result":{"duration":3067000000,"status":"passed"},"line":11,"name":"User should click on Signin button","match":{"location":"stepDefinitions.TestLoginStep.user_dhould_click_on_signin_button()"},"keyword":"And "},{"result":{"duration":56000000,"status":"passed"},"line":12,"name":"User should verify the page title as \"Online Shopping site in India: Shop Online for Mobiles, Books, Watches, Shoes and More - Amazon.in\"","match":{"arguments":[{"val":"\"Online Shopping site in India: Shop Online for Mobiles, Books, Watches, Shoes and More - Amazon.in\"","offset":37}],"location":"stepDefinitions.TestLoginStep.user_should_verify_the_page_title_as(java.lang.String)"},"keyword":"Then "},{"result":{"duration":874000000,"status":"passed"},"line":13,"name":"User should click on Logout link","match":{"location":"stepDefinitions.TestLoginStep.user_should_click_on_logout_link()"},"keyword":"Then "},{"result":{"duration":27000000,"status":"passed"},"line":14,"name":"User should verify the page title as \"Amazon Sign In\"","match":{"arguments":[{"val":"\"Amazon Sign In\"","offset":37}],"location":"stepDefinitions.TestLoginStep.user_should_verify_the_page_title_as(java.lang.String)"},"keyword":"Then "},{"result":{"duration":1077000000,"status":"passed"},"line":15,"name":"User should close the browser finally","match":{"location":"stepDefinitions.TestLoginStep.user_should_close_the_browser_finally()"},"keyword":"Then "}]}],"name":"Working in a Login Feature","description":"","id":"working-in-a-login-feature","keyword":"Feature","uri":"file:src/test/java/features/001_TestTheLogin.feature","tags":[]},{"line":1,"elements":[{"start_timestamp":"2023-09-28T13:45:50.360Z","line":3,"name":"Searching the item  and adding it to the Cart from a Web","description":"","id":"searching-the-item-from-web;searching-the-item--and-adding-it-to-the-cart-from-a-web","type":"scenario","keyword":"Scenario","steps":[{"result":{"duration":1935000000,"status":"passed"},"line":4,"name":"User launch Chrome Browser","match":{"location":"stepDefinitions.TestLoginStep.user_launch_chrome_browser()"},"keyword":"Given "},{"result":{"duration":1987000000,"status":"passed"},"line":5,"name":"User navigates to the URL \"https://www.amazon.in/\"","match":{"arguments":[{"val":"\"https://www.amazon.in/\"","offset":26}],"location":"stepDefinitions.TestLoginStep.user_navigates_to_the_url(java.lang.String)"},"keyword":"When "},{"result":{"duration":1044000000,"status":"passed"},"line":6,"name":"User should mouseHover to Hello SignIn link","match":{"location":"stepDefinitions.TestLoginStep.user_should_mouse_hover_to_hello_sign_in_link()"},"keyword":"Then "},{"result":{"duration":130000000,"status":"passed"},"line":7,"name":"User enters Email ID as \"umeshk@outlook.in\"","match":{"arguments":[{"val":"\"umeshk@outlook.in\"","offset":24}],"location":"stepDefinitions.TestLoginStep.user_enters_email_id_as(java.lang.String)"},"keyword":"When "},{"result":{"duration":1520000000,"status":"passed"},"line":8,"name":"User should click on Continue button","match":{"location":"stepDefinitions.TestLoginStep.user_should_click_on_continue_button()"},"keyword":"Then "},{"result":{"duration":88000000,"status":"passed"},"line":9,"name":"User enters Password as \"Umesh@062\"","match":{"arguments":[{"val":"\"Umesh@062\"","offset":24}],"location":"stepDefinitions.TestLoginStep.user_enters_password_as(java.lang.String)"},"keyword":"And "},{"result":{"duration":61000000,"status":"passed"},"line":10,"name":"User should click on the checkbox","match":{"location":"stepDefinitions.TestLoginStep.user_should_click_on_the_checkbox()"},"keyword":"And "},{"result":{"duration":3095000000,"status":"passed"},"line":11,"name":"User should click on Signin button","match":{"location":"stepDefinitions.TestLoginStep.user_dhould_click_on_signin_button()"},"keyword":"And "},{"result":{"duration":3520000000,"status":"passed"},"line":12,"name":"User should select \"All Categories\" from the dropdown","match":{"arguments":[{"val":"\"All Categories\"","offset":19}],"location":"stepDefinitions.TestLoginStep.user_should_select_from_the_dropdown(java.lang.String)"},"keyword":"And "},{"result":{"duration":269000000,"status":"passed"},"line":13,"name":"User should enter \"Pixel 7 Pro 5G (Snow, 12GB RAM, 256GB Storage) Smartphone\"","match":{"arguments":[{"val":"\"Pixel 7 Pro 5G (Snow, 12GB RAM, 256GB Storage) Smartphone\"","offset":18}],"location":"stepDefinitions.TestLoginStep.user_should_enter(java.lang.String)"},"keyword":"Then "},{"result":{"duration":1981000000,"status":"passed"},"line":14,"name":"User should click on Search button","match":{"location":"stepDefinitions.TestLoginStep.user_should_click_on_search_button()"},"keyword":"And "},{"result":{"duration":7861000000,"status":"passed"},"line":15,"name":"User should select the \"Pixel 7 Pro 5G (Snow, 12GB RAM, 256GB Storage) Smartphone\" from the search page","match":{"arguments":[{"val":"\"Pixel 7 Pro 5G (Snow, 12GB RAM, 256GB Storage) Smartphone\"","offset":23}],"location":"stepDefinitions.TestLoginStep.user_should_select_the_from_the_search_page(java.lang.String)"},"keyword":"Then "},{"result":{"error_message":"org.openqa.selenium.NoSuchElementException: no such element: Unable to locate element: {\"method\":\"xpath\",\"selector\":\"//span[@class='a-size-medium-plus a-color-base sw-atc-text a-text-bold']\"}\n  (Session info: chrome=117.0.5938.92)\nFor documentation on this error, please visit: https://www.selenium.dev/documentation/webdriver/troubleshooting/errors#no-such-element-exception\nBuild info: version: '4.12.1', revision: '8e34639b11'\nSystem info: os.name: 'Windows 10', os.arch: 'amd64', os.version: '10.0', java.version: '1.8.0_131'\nDriver info: org.openqa.selenium.chrome.ChromeDriver\nCommand: [d3edaaf213e0f4c8ff6c2c3201a7c578, findElement {using=xpath, value=//span[@class='a-size-medium-plus a-color-base sw-atc-text a-text-bold']}]\nCapabilities {acceptInsecureCerts: false, browserName: chrome, browserVersion: 117.0.5938.92, chrome: {chromedriverVersion: 117.0.5938.92 (67649b10b92b..., userDataDir: C:\\Users\\Ukavali\\AppData\\Lo...}, fedcm:accounts: true, goog:chromeOptions: {debuggerAddress: localhost:60218}, networkConnectionEnabled: false, pageLoadStrategy: normal, platformName: windows, proxy: Proxy(), se:cdp: ws://localhost:60218/devtoo..., se:cdpVersion: 117.0.5938.92, setWindowRect: true, strictFileInteractability: false, timeouts: {implicit: 0, pageLoad: 300000, script: 30000}, unhandledPromptBehavior: dismiss and notify, webauthn:extension:credBlob: true, webauthn:extension:largeBlob: true, webauthn:extension:minPinLength: true, webauthn:extension:prf: true, webauthn:virtualAuthenticators: true}\nSession ID: d3edaaf213e0f4c8ff6c2c3201a7c578\r\n\tat sun.reflect.NativeConstructorAccessorImpl.newInstance0(Native Method)\r\n\tat sun.reflect.NativeConstructorAccessorImpl.newInstance(NativeConstructorAccessorImpl.java:62)\r\n\tat sun.reflect.DelegatingConstructorAccessorImpl.newInstance(DelegatingConstructorAccessorImpl.java:45)\r\n\tat java.lang.reflect.Constructor.newInstance(Constructor.java:423)\r\n\tat org.openqa.selenium.remote.codec.w3c.W3CHttpResponseCodec.createException(W3CHttpResponseCodec.java:200)\r\n\tat org.openqa.selenium.remote.codec.w3c.W3CHttpResponseCodec.decode(W3CHttpResponseCodec.java:133)\r\n\tat org.openqa.selenium.remote.codec.w3c.W3CHttpResponseCodec.decode(W3CHttpResponseCodec.java:52)\r\n\tat org.openqa.selenium.remote.HttpCommandExecutor.execute(HttpCommandExecutor.java:191)\r\n\tat org.openqa.selenium.remote.service.DriverCommandExecutor.invokeExecute(DriverCommandExecutor.java:196)\r\n\tat org.openqa.selenium.remote.service.DriverCommandExecutor.execute(DriverCommandExecutor.java:171)\r\n\tat org.openqa.selenium.remote.RemoteWebDriver.execute(RemoteWebDriver.java:602)\r\n\tat org.openqa.selenium.remote.ElementLocation$ElementFinder$2.findElement(ElementLocation.java:165)\r\n\tat org.openqa.selenium.remote.ElementLocation.findElement(ElementLocation.java:59)\r\n\tat org.openqa.selenium.remote.RemoteWebDriver.findElement(RemoteWebDriver.java:359)\r\n\tat org.openqa.selenium.remote.RemoteWebDriver.findElement(RemoteWebDriver.java:353)\r\n\tat stepDefinitions.TestLoginStep.user_should_verify_the_text_as(TestLoginStep.java:185)\r\n\tat ✽.User should verify the Text as \"Added to Cart\"(file:///C:/Users/Ukavali/git/SepCucumber/SepCucumber/src/test/java/features/002_AddingAnItem.feature:16)\r\n","duration":10043000000,"status":"failed"},"line":16,"name":"User should verify the Text as \"Added to Cart\"","match":{"arguments":[{"val":"\"Added to Cart\"","offset":31}],"location":"stepDefinitions.TestLoginStep.user_should_verify_the_text_as(java.lang.String)"},"keyword":"Then "},{"result":{"status":"skipped"},"line":17,"name":"User should click on Logout link","match":{"location":"stepDefinitions.TestLoginStep.user_should_click_on_logout_link()"},"keyword":"Then "},{"result":{"status":"skipped"},"line":18,"name":"User should verify the page title as \"Amazon Sign In\"","match":{"arguments":[{"val":"\"Amazon Sign In\"","offset":37}],"location":"stepDefinitions.TestLoginStep.user_should_verify_the_page_title_as(java.lang.String)"},"keyword":"Then "},{"result":{"status":"skipped"},"line":19,"name":"User should close the browser finally","match":{"location":"stepDefinitions.TestLoginStep.user_should_close_the_browser_finally()"},"keyword":"Then "}]}],"name":"Searching the Item from Web","description":"","id":"searching-the-item-from-web","keyword":"Feature","uri":"file:src/test/java/features/002_AddingAnItem.feature","tags":[]},{"line":1,"elements":[{"start_timestamp":"2023-09-28T13:46:23.935Z","line":3,"name":"Successful deletion of an item from Cart","description":"","id":"deleting-the-item-from-cart;successful-deletion-of-an-item-from-cart","type":"scenario","keyword":"Scenario","steps":[{"result":{"duration":1913000000,"status":"passed"},"line":4,"name":"User launch Chrome Browser","match":{"location":"stepDefinitions.TestLoginStep.user_launch_chrome_browser()"},"keyword":"Given "},{"result":{"duration":1980000000,"status":"passed"},"line":5,"name":"User navigates to the URL \"https://www.amazon.in/\"","match":{"arguments":[{"val":"\"https://www.amazon.in/\"","offset":26}],"location":"stepDefinitions.TestLoginStep.user_navigates_to_the_url(java.lang.String)"},"keyword":"When "},{"result":{"duration":1051000000,"status":"passed"},"line":6,"name":"User should mouseHover to Hello SignIn link","match":{"location":"stepDefinitions.TestLoginStep.user_should_mouse_hover_to_hello_sign_in_link()"},"keyword":"Then "},{"result":{"duration":150000000,"status":"passed"},"line":7,"name":"User enters Email ID as \"umeshk@outlook.in\"","match":{"arguments":[{"val":"\"umeshk@outlook.in\"","offset":24}],"location":"stepDefinitions.TestLoginStep.user_enters_email_id_as(java.lang.String)"},"keyword":"When "},{"result":{"duration":1582000000,"status":"passed"},"line":8,"name":"User should click on Continue button","match":{"location":"stepDefinitions.TestLoginStep.user_should_click_on_continue_button()"},"keyword":"Then "},{"result":{"duration":89000000,"status":"passed"},"line":9,"name":"User enters Password as \"Umesh@062\"","match":{"arguments":[{"val":"\"Umesh@062\"","offset":24}],"location":"stepDefinitions.TestLoginStep.user_enters_password_as(java.lang.String)"},"keyword":"And "},{"result":{"duration":58000000,"status":"passed"},"line":10,"name":"User should click on the checkbox","match":{"location":"stepDefinitions.TestLoginStep.user_should_click_on_the_checkbox()"},"keyword":"And "},{"result":{"duration":5973000000,"status":"passed"},"line":11,"name":"User should click on Signin button","match":{"location":"stepDefinitions.TestLoginStep.user_dhould_click_on_signin_button()"},"keyword":"And "},{"result":{"duration":1186000000,"status":"passed"},"line":12,"name":"User should click on Cart button","match":{"location":"stepDefinitions.TestLoginStep.user_should_click_on_cart_button()"},"keyword":"Then "},{"result":{"error_message":"org.openqa.selenium.NoSuchElementException: no such element: Unable to locate element: {\"method\":\"xpath\",\"selector\":\"//h1[normalize-space()='Your Amazon Cart is empty.']\"}\n  (Session info: chrome=117.0.5938.92)\nFor documentation on this error, please visit: https://www.selenium.dev/documentation/webdriver/troubleshooting/errors#no-such-element-exception\nBuild info: version: '4.12.1', revision: '8e34639b11'\nSystem info: os.name: 'Windows 10', os.arch: 'amd64', os.version: '10.0', java.version: '1.8.0_131'\nDriver info: org.openqa.selenium.chrome.ChromeDriver\nCommand: [b3d7c5ef35d9941674e147b96dc6997c, findElement {using=xpath, value=//h1[normalize-space()='Your Amazon Cart is empty.']}]\nCapabilities {acceptInsecureCerts: false, browserName: chrome, browserVersion: 117.0.5938.92, chrome: {chromedriverVersion: 117.0.5938.92 (67649b10b92b..., userDataDir: C:\\Users\\Ukavali\\AppData\\Lo...}, fedcm:accounts: true, goog:chromeOptions: {debuggerAddress: localhost:60366}, networkConnectionEnabled: false, pageLoadStrategy: normal, platformName: windows, proxy: Proxy(), se:cdp: ws://localhost:60366/devtoo..., se:cdpVersion: 117.0.5938.92, setWindowRect: true, strictFileInteractability: false, timeouts: {implicit: 0, pageLoad: 300000, script: 30000}, unhandledPromptBehavior: dismiss and notify, webauthn:extension:credBlob: true, webauthn:extension:largeBlob: true, webauthn:extension:minPinLength: true, webauthn:extension:prf: true, webauthn:virtualAuthenticators: true}\nSession ID: b3d7c5ef35d9941674e147b96dc6997c\r\n\tat sun.reflect.NativeConstructorAccessorImpl.newInstance0(Native Method)\r\n\tat sun.reflect.NativeConstructorAccessorImpl.newInstance(NativeConstructorAccessorImpl.java:62)\r\n\tat sun.reflect.DelegatingConstructorAccessorImpl.newInstance(DelegatingConstructorAccessorImpl.java:45)\r\n\tat java.lang.reflect.Constructor.newInstance(Constructor.java:423)\r\n\tat org.openqa.selenium.remote.codec.w3c.W3CHttpResponseCodec.createException(W3CHttpResponseCodec.java:200)\r\n\tat org.openqa.selenium.remote.codec.w3c.W3CHttpResponseCodec.decode(W3CHttpResponseCodec.java:133)\r\n\tat org.openqa.selenium.remote.codec.w3c.W3CHttpResponseCodec.decode(W3CHttpResponseCodec.java:52)\r\n\tat org.openqa.selenium.remote.HttpCommandExecutor.execute(HttpCommandExecutor.java:191)\r\n\tat org.openqa.selenium.remote.service.DriverCommandExecutor.invokeExecute(DriverCommandExecutor.java:196)\r\n\tat org.openqa.selenium.remote.service.DriverCommandExecutor.execute(DriverCommandExecutor.java:171)\r\n\tat org.openqa.selenium.remote.RemoteWebDriver.execute(RemoteWebDriver.java:602)\r\n\tat org.openqa.selenium.remote.ElementLocation$ElementFinder$2.findElement(ElementLocation.java:165)\r\n\tat org.openqa.selenium.remote.ElementLocation.findElement(ElementLocation.java:59)\r\n\tat org.openqa.selenium.remote.RemoteWebDriver.findElement(RemoteWebDriver.java:359)\r\n\tat org.openqa.selenium.remote.RemoteWebDriver.findElement(RemoteWebDriver.java:353)\r\n\tat org.openqa.selenium.support.pagefactory.DefaultElementLocator.findElement(DefaultElementLocator.java:68)\r\n\tat org.openqa.selenium.support.pagefactory.internal.LocatingElementHandler.invoke(LocatingElementHandler.java:38)\r\n\tat com.sun.proxy.$Proxy21.getText(Unknown Source)\r\n\tat pageObjects.TestLoginPage.EmptyCart(TestLoginPage.java:194)\r\n\tat stepDefinitions.TestLoginStep.user_should_verify_the_header(TestLoginStep.java:208)\r\n\tat ✽.User should verify the \"Shopping Cart\" header(file:///C:/Users/Ukavali/git/SepCucumber/SepCucumber/src/test/java/features/003_DeletingAnItem.feature:13)\r\n","duration":10063000000,"status":"failed"},"line":13,"name":"User should verify the \"Shopping Cart\" header","match":{"arguments":[{"val":"\"Shopping Cart\"","offset":23}],"location":"stepDefinitions.TestLoginStep.user_should_verify_the_header(java.lang.String)"},"keyword":"And "},{"result":{"status":"skipped"},"line":14,"name":"User should click on delete button","match":{"location":"stepDefinitions.TestLoginStep.user_should_click_on_delete_button()"},"keyword":"Then "},{"result":{"status":"skipped"},"line":15,"name":"User should verify the \"Your Amazon Cart is empty.\" header","match":{"arguments":[{"val":"\"Your Amazon Cart is empty.\"","offset":23}],"location":"stepDefinitions.TestLoginStep.user_should_verify_the_header(java.lang.String)"},"keyword":"And "},{"result":{"status":"skipped"},"line":16,"name":"User should click on Logout link","match":{"location":"stepDefinitions.TestLoginStep.user_should_click_on_logout_link()"},"keyword":"Then "},{"result":{"status":"skipped"},"line":17,"name":"User should verify the page title as \"Amazon Sign In\"","match":{"arguments":[{"val":"\"Amazon Sign In\"","offset":37}],"location":"stepDefinitions.TestLoginStep.user_should_verify_the_page_title_as(java.lang.String)"},"keyword":"Then "},{"result":{"status":"skipped"},"line":18,"name":"User should close the browser finally","match":{"location":"stepDefinitions.TestLoginStep.user_should_close_the_browser_finally()"},"keyword":"Then "}]}],"name":"Deleting the item from Cart","description":"","id":"deleting-the-item-from-cart","keyword":"Feature","uri":"file:src/test/java/features/003_DeletingAnItem.feature","tags":[]}]